{"contracts/interfaces/IERC20Swapper.sol":{"l":{},"path":"/Users/gradonsky/Documents/Private/dada/contracts/interfaces/IERC20Swapper.sol","s":{},"b":{},"f":{},"fnMap":{},"statementMap":{},"branchMap":{}},"contracts/mocks/MockToken.sol":{"l":{"11":78,"15":1},"path":"/Users/gradonsky/Documents/Private/dada/contracts/mocks/MockToken.sol","s":{"1":78,"2":1},"b":{},"f":{"1":78,"2":1},"fnMap":{"1":{"name":"constructor","line":10,"loc":{"start":{"line":7,"column":4},"end":{"line":12,"column":4}}},"2":{"name":"mint","line":14,"loc":{"start":{"line":14,"column":4},"end":{"line":16,"column":4}}}},"statementMap":{"1":{"start":{"line":11,"column":8},"end":{"line":11,"column":32}},"2":{"start":{"line":15,"column":8},"end":{"line":15,"column":24}}},"branchMap":{}},"contracts/mocks/MockUniswapV3Router.sol":{"l":{"26":63,"31":7,"32":7,"33":7},"path":"/Users/gradonsky/Documents/Private/dada/contracts/mocks/MockUniswapV3Router.sol","s":{"1":7,"2":7},"b":{"1":[7,0]},"f":{"1":63,"2":7},"fnMap":{"1":{"name":"constructor","line":25,"loc":{"start":{"line":25,"column":4},"end":{"line":27,"column":4}}},"2":{"name":"exactInputSingle","line":30,"loc":{"start":{"line":30,"column":4},"end":{"line":34,"column":4}}}},"statementMap":{"1":{"start":{"line":32,"column":8},"end":{"line":32,"column":96}},"2":{"start":{"line":33,"column":8},"end":{"line":33,"column":24}}},"branchMap":{"1":{"line":32,"type":"if","locations":[{"start":{"line":32,"column":8},"end":{"line":32,"column":8}},{"start":{"line":32,"column":8},"end":{"line":32,"column":8}}]}}},"contracts/proxy/UUPSProxy.sol":{"l":{"19":0},"path":"/Users/gradonsky/Documents/Private/dada/contracts/proxy/UUPSProxy.sol","s":{"1":0},"b":{},"f":{"1":60,"2":0},"fnMap":{"1":{"name":"constructor","line":13,"loc":{"start":{"line":9,"column":4},"end":{"line":13,"column":43}}},"2":{"name":"implementation","line":18,"loc":{"start":{"line":18,"column":4},"end":{"line":20,"column":4}}}},"statementMap":{"1":{"start":{"line":19,"column":8},"end":{"line":19,"column":32}}},"branchMap":{}},"contracts/TokenSwapperForEiger.sol":{"l":{"43":60,"47":20,"48":20,"49":20,"50":20,"51":20,"52":20,"56":2,"60":1,"72":9,"73":7,"76":7,"77":5,"79":2,"82":7,"92":7,"93":7,"94":4,"95":4,"99":14,"100":14,"101":14,"105":2,"111":2,"112":1,"113":1},"path":"/Users/gradonsky/Documents/Private/dada/contracts/TokenSwapperForEiger.sol","s":{"1":60,"2":20,"3":20,"4":20,"5":20,"6":20,"7":2,"8":1,"9":9,"10":7,"11":7,"12":2,"13":7,"14":7,"15":7,"16":4,"17":4,"18":14,"19":14,"20":2,"21":1},"b":{"1":[20,1],"2":[0,20],"3":[2,1],"4":[1,1],"5":[9,1],"6":[2,7],"7":[1,1],"8":[5,2],"9":[2,0],"10":[3,4],"11":[14,1],"12":[0,14],"13":[2,1],"14":[1,1],"15":[0,0]},"f":{"1":60,"2":20,"3":2,"4":1,"5":9,"6":14,"7":2,"8":0},"fnMap":{"1":{"name":"constructor","line":42,"loc":{"start":{"line":42,"column":4},"end":{"line":44,"column":4}}},"2":{"name":"initialize","line":46,"loc":{"start":{"line":46,"column":4},"end":{"line":53,"column":4}}},"3":{"name":"pause","line":55,"loc":{"start":{"line":55,"column":4},"end":{"line":57,"column":4}}},"4":{"name":"unpause","line":59,"loc":{"start":{"line":59,"column":4},"end":{"line":61,"column":4}}},"5":{"name":"swapEtherToToken","line":69,"loc":{"start":{"line":65,"column":4},"end":{"line":96,"column":4}}},"6":{"name":"setTokenType","line":98,"loc":{"start":{"line":98,"column":4},"end":{"line":102,"column":4}}},"7":{"name":"setSwapRouterAddress","line":110,"loc":{"start":{"line":110,"column":4},"end":{"line":114,"column":4}}},"8":{"name":"_authorizeUpgrade","line":116,"loc":{"start":{"line":116,"column":4},"end":{"line":116,"column":106}}}},"statementMap":{"1":{"start":{"line":43,"column":8},"end":{"line":43,"column":29}},"2":{"start":{"line":47,"column":8},"end":{"line":47,"column":71}},"3":{"start":{"line":48,"column":8},"end":{"line":48,"column":29}},"4":{"start":{"line":49,"column":8},"end":{"line":49,"column":24}},"5":{"start":{"line":50,"column":8},"end":{"line":50,"column":31}},"6":{"start":{"line":51,"column":8},"end":{"line":51,"column":49}},"7":{"start":{"line":56,"column":8},"end":{"line":56,"column":15}},"8":{"start":{"line":60,"column":8},"end":{"line":60,"column":17}},"9":{"start":{"line":72,"column":8},"end":{"line":72,"column":77}},"10":{"start":{"line":73,"column":8},"end":{"line":73,"column":25}},"11":{"start":{"line":76,"column":8},"end":{"line":76,"column":3161}},"12":{"start":{"line":78,"column":15},"end":{"line":78,"column":3250}},"13":{"start":{"line":82,"column":8},"end":{"line":82,"column":3347}},"14":{"start":{"line":92,"column":8},"end":{"line":92,"column":81}},"15":{"start":{"line":93,"column":8},"end":{"line":93,"column":68}},"16":{"start":{"line":94,"column":8},"end":{"line":94,"column":75}},"17":{"start":{"line":95,"column":8},"end":{"line":95,"column":24}},"18":{"start":{"line":99,"column":8},"end":{"line":99,"column":59}},"19":{"start":{"line":101,"column":8},"end":{"line":101,"column":43}},"20":{"start":{"line":111,"column":8},"end":{"line":111,"column":67}},"21":{"start":{"line":113,"column":8},"end":{"line":113,"column":45}}},"branchMap":{"1":{"line":46,"type":"if","locations":[{"start":{"line":46,"column":58},"end":{"line":46,"column":58}},{"start":{"line":46,"column":58},"end":{"line":46,"column":58}}]},"2":{"line":47,"type":"if","locations":[{"start":{"line":47,"column":8},"end":{"line":47,"column":8}},{"start":{"line":47,"column":8},"end":{"line":47,"column":8}}]},"3":{"line":55,"type":"if","locations":[{"start":{"line":55,"column":30},"end":{"line":55,"column":30}},{"start":{"line":55,"column":30},"end":{"line":55,"column":30}}]},"4":{"line":59,"type":"if","locations":[{"start":{"line":59,"column":32},"end":{"line":59,"column":32}},{"start":{"line":59,"column":32},"end":{"line":59,"column":32}}]},"5":{"line":69,"type":"if","locations":[{"start":{"line":69,"column":8},"end":{"line":69,"column":8}},{"start":{"line":69,"column":8},"end":{"line":69,"column":8}}]},"6":{"line":72,"type":"if","locations":[{"start":{"line":72,"column":8},"end":{"line":72,"column":8}},{"start":{"line":72,"column":8},"end":{"line":72,"column":8}}]},"7":{"line":72,"type":"cond-expr","locations":[{"start":{"line":72,"column":12},"end":{"line":72,"column":30}},{"start":{"line":72,"column":35},"end":{"line":72,"column":48}}]},"8":{"line":76,"type":"if","locations":[{"start":{"line":76,"column":8},"end":{"line":76,"column":8}},{"start":{"line":76,"column":8},"end":{"line":76,"column":8}}]},"9":{"line":78,"type":"if","locations":[{"start":{"line":78,"column":15},"end":{"line":78,"column":15}},{"start":{"line":78,"column":15},"end":{"line":78,"column":15}}]},"10":{"line":93,"type":"if","locations":[{"start":{"line":93,"column":8},"end":{"line":93,"column":8}},{"start":{"line":93,"column":8},"end":{"line":93,"column":8}}]},"11":{"line":98,"type":"if","locations":[{"start":{"line":98,"column":71},"end":{"line":98,"column":71}},{"start":{"line":98,"column":71},"end":{"line":98,"column":71}}]},"12":{"line":99,"type":"if","locations":[{"start":{"line":99,"column":8},"end":{"line":99,"column":8}},{"start":{"line":99,"column":8},"end":{"line":99,"column":8}}]},"13":{"line":110,"type":"if","locations":[{"start":{"line":110,"column":66},"end":{"line":110,"column":66}},{"start":{"line":110,"column":66},"end":{"line":110,"column":66}}]},"14":{"line":111,"type":"if","locations":[{"start":{"line":111,"column":8},"end":{"line":111,"column":8}},{"start":{"line":111,"column":8},"end":{"line":111,"column":8}}]},"15":{"line":116,"type":"if","locations":[{"start":{"line":116,"column":76},"end":{"line":116,"column":76}},{"start":{"line":116,"column":76},"end":{"line":116,"column":76}}]}}}}